NOAO/IRAF V2.16 gak@gak.local Sun 17:14:01 29-Mar-2015
  Task SPECFIT

***************************************************************************
** OBJECT: ../data_final/n5548_mean_g130mb4.asc  FILE: ../data_final/n5548_mean_g130mb4.asc **

Using errors from input file
Chisquare = 2396.926 for 2329 points and 10 freely varying parameters.


Regions of data included in the fit.
Sample  1:       1145.8 to       1151.3
Sample  2:       1152.9 to       1187.9
Sample  3:       1193.7 to       1197.7
Sample  4:       1197.3 to       1198.5
Sample  5:       1201.4 to       1205.4
Sample  6:       1207.1 to       1208.4
Sample  7:       1210.6 to       1213.6
Sample  8:       1217.4 to       1218.8
Sample  9:       1220.3 to       1221.7
Sample 10:        1223. to       1224.1
Sample 11:       1225.7 to       1227.2
Sample 12:       1227.9 to       1228.3
Sample 13:       1229.1 to       1230.4
Sample 14:       1236.7 to        1238.
Sample 15:       1238.9 to       1239.5
Sample 16:       1240.4 to       1242.2
Sample 17:       1242.9 to       1249.9
Sample 18:       1250.7 to       1253.2
Sample 19:        1254. to       1254.3
Sample 20:       1256.4 to       1256.5
Sample 21:       1263.4 to       1263.6
Sample 22:       1264.3 to        1270.
Sample 23:       1362.5 to       1369.6
Sample 24:       1370.2 to       1372.8

components	23
		powerlaw
		ccmext
		gaussian
		gaussian
		gaussian
		gaussian
		gaussian
		gaussian
		gaussian
		gaussian
		gaussian
		gaussian
		gaussian
		gaussian
		gaussian
		gaussian
		gaussian
		gaussian
		gaussian
		gaussian
		gaussian
		gaussian
		dampabs

Param Value      +/-         Low Limit    Up Limit   Step Size   Tolerance  Fix?
powerlaw1	2 
 5.5520580E-14  4.3094E-16          0.  1.0000E-11  1.0000E-14   1.0000E-5    0
    0.36290291    0.033402         -5.          5.         0.1   1.0000E-5    0
ccmext2	2 
   0.017130001          0.          0.          1.        0.01   1.0000E-4   -1
     3.0999999          0.         3.1         3.1         0.1       0.001   -1
gaussian3	4 # C III 1176
 2.0000000E-14          0.          0.  1.0000E-10  1.0000E-15   1.0000E-4   -1
      1195.006          0.       1000.       2000.        0.02   1.0000E-4   -1
     861.49261          0.       1000.      20000.          1.   1.0000E-4   -1
            1.          0.          1.          1.          1.   1.0000E-4   -1
gaussian4	4 # Si III 1206
 1.4380149E-14          0.          0.  1.0000E-10  1.0000E-15   1.0000E-4   -1
      1226.392          0.       1000.       2000.         0.5   1.0000E-4   -1
     861.49261          0.        500.      20000.          1.   1.0000E-4    3
            1.          0.          1.          1.          1.   1.0000E-4   -1
gaussian5	4 # Ly alpha - NLR, ILR,  medium,  very broad
 2.0200000E-13          0.          0.  1.0000E-10  1.0000E-14   1.0000E-4   -1
      1236.729          0.       1000.       2000.        0.01   1.0000E-4   -1
      255.4998          0.        100.       2000.         50.   1.0000E-4   -1
            1.          0.          1.          1.          1.   1.0000E-4   -1
gaussian6	4 
 5.4741828E-13          0.          0.  1.0000E-10  1.0000E-14   1.0000E-4   -1
      1235.996          0.       1000.       2000.         0.1   1.0000E-4   -1
     861.49261          0.        100.       2000.         50.   1.0000E-4   -1
            1.          0.          1.          1.          1.   1.0000E-4   -1
gaussian7	4 
 1.9699548E-12  1.0737E-14          0.  1.0000E-10  1.0000E-14   1.0000E-4    0
     1235.1379          0.       1000.       2000.         0.5   1.0000E-4   -1
     3040.5901          0.        100.      20000.        250.   1.0000E-4   -1
            1.          0.          1.          1.          1.   1.0000E-4   -1
gaussian8	4 
 3.1180679E-12  1.1143E-14          0.  1.0000E-10  5.0000E-13   1.0000E-4    0
      1231.589          0.       1000.       2000.          1.   1.0000E-4   -1
     8133.0991          0.        500.      50000.        200.   1.0000E-4   -1
            1.          0.          1.          1.          1.   1.0000E-4   -1
gaussian9	4 
 1.6060728E-12  4.5433E-14          0.  1.0000E-10  1.0000E-13   1.0000E-4    0
     1237.6429          0.        900.       3000.         1.5   1.0000E-4   -1
     18183.711          0.       1200.     120000.        500.   1.0000E-4   -1
            1.          0.          1.          1.          1.   1.0000E-4   -1
gaussian10	4 # N V - 2 NLR, 2 ILR, 2 medium, 1 very broad
 1.2179350E-14          0.          0.  1.0000E-10  1.0000E-15   1.0000E-4   -1
     1259.7531          0.       1000.       2000.        0.02   1.0000E-4   -1
      255.4998          0.        100.       2000.          1.   1.0000E-4    5
            1.          0.          1.          1.          1.   1.0000E-4   -1
gaussian11	4 
 1.2179350E-14          0.          0.  1.0000E-11          1.   1.0000E-4   10
     1263.8031          0.       1150.       2000.      1.0032   1.0000E-4   10
      255.4998          0.         30.      12000.          1.   1.0000E-4   10
            1.          0.          1.          1.          1.   1.0000E-4   -1
gaussian12	4 
 6.2195482E-15          0.          0.  1.0000E-10  1.0000E-14   1.0000E-4   -1
      1259.533          0.       1000.       2000.       1.019   1.0000E-4    6
     861.49261          0.        100.       2000.          1.   1.0000E-4    6
            1.          0.          1.          1.          1.   1.0000E-4   -1
gaussian13	4 
 6.2195482E-15          0.          0.  1.0000E-11          1.   1.0000E-4   12
     1263.5823          0.       1150.       2000.      1.0032   1.0000E-4   12
     861.49261          0.         30.      12000.          1.   1.0000E-4   12
            1.          0.          1.          1.          1.   1.0000E-4   -1
gaussian14	4 
 2.0416692E-13  9.9019E-15          0.  1.0000E-10  1.0000E-15   1.0000E-4    0
     1258.6587          0.       1000.       2000.       1.019   1.0000E-4    7
     3040.5901          0.        500.      50000.          1.   1.0000E-4    7
            1.          0.          1.          1.          1.   1.0000E-4   -1
gaussian15	4 
 2.0416692E-13          0.          0.  1.0000E-10          1.   1.0000E-4   14
     1262.7052          0.       1150.       2000.      1.0032   1.0000E-4   14
     3040.5901          0.        500.      50000.          1.   1.0000E-4   14
            1.          0.          1.          1.          1.   1.0000E-4   -1
gaussian16	4 
 1.1950529E-13  7.2317E-15          0.  1.0000E-10  5.0000E-13   1.0000E-4    0
     1255.0421          0.       1000.       2000.       1.019   1.0000E-4    8
     8133.0991          0.        500.      50000.          1.   1.0000E-4    8
            1.          0.          1.          1.          1.   1.0000E-4   -1
gaussian17	4 
 1.1950529E-13          0.          0.  1.0000E-10          1.   1.0000E-4   16
      1259.077          0.       1150.       2000.      1.0032   1.0000E-4   16
     8133.0991          0.        500.      50000.          1.   1.0000E-4   16
            1.          0.          1.          1.          1.   1.0000E-4   -1
gaussian18	4 
 5.7950369E-14  8.1634E-14          0.  1.0000E-10  5.0000E-15   1.0000E-4    0
     1263.2399          0.       1000.       2000.      1.0207   1.0000E-4    9
     18183.711          0.       1500.      25000.          1.   1.0000E-4    9
            1.          0.          1.          1.          1.   1.0000E-4   -1
gaussian19	4 # C III broad absorption
-1.0000000E-15          0. -1.0000E-10          0.  1.0000E-15   1.0000E-4   -1
         1194.          0.       1000.       2000.         0.2   1.0000E-4   -1
     3683.1021          0.        200.      20000.          1.   1.0000E-4   20
     0.1849483          0.         0.1          9.          1.   1.0000E-4   20
gaussian20	4 #  Ly alpha broad absorption
-7.3181500E-13  6.5391E-15 -1.0000E-10          0.  1.0000E-14   1.0000E-4    0
         1235.          0.       1000.       2000.         0.2   1.0000E-4   -1
     3683.1021          0.        200.      20000.        200.   1.0000E-4   -1
     0.1849483          0.         0.1          9.        0.02   1.0000E-4   -1
gaussian21	4 # N V broad absorption
-7.7959361E-14  2.7240E-15 -1.0000E-10          0.  1.0000E-15   1.0000E-4    0
         1258.          0.       1000.       2000.        0.02   1.0000E-4   -1
     3683.1021          0.        200.      20000.          1.   1.0000E-4   20
     0.1849483          0.        0.05          5.          1.   1.0000E-4   20
gaussian22	4 # N V broad absorption
-7.7959361E-14          0. -1.0000E-10          0.          1.   1.0000E-4   21
     1262.0444          0.       1150.       2000.      1.0032   1.0000E-4   21
     3683.1021          0.        200.      20000.          1.   1.0000E-4   21
     0.1849483          0.        0.05          5.          1.   1.0000E-4   21
dampabs23	3 # Galactic damped Ly alpha
  6.0349999E19          0.   3.0000E15   3.0000E21   4.0000E18   1.0000E-4   -1
      1215.545          0.        900.       1500.        0.01   1.0000E-4   -1
    626000000.          0.    1.0000E8   1.0000E10    1.0000E7   1.0000E-4   -1

NOAO/IRAF V2.16 gak@gak.local Sun 17:14:19 29-Mar-2015   --  SPECFIT is DONE.
